<?xml version="1.0" encoding="UTF-8"?>
<!-- Generated by org.testng.reporters.JUnitReportReporter -->
<testsuite hostname="CSE1805568" failures="0" tests="2" name="com.runner.Runner" time="30.483" errors="0" timestamp="2022-05-23T01:41:36 IST" skipped="0">
  <testcase classname="com.runner.Runner" name="Scenario" time="21.869"/>
  <system-out/>
  <testcase classname="com.runner.Runner" name="Scenario" time="8.614"/>
  <system-out/>
</testsuite> <!-- com.runner.Runner -->
